\BOOKMARK [-1][]{part.1}{\376\377\000\040\0001\000\040\173\054\116\000\220\350\122\006\000\040\040\024\000\040\152\041\147\177\151\202\217\360\000\040}{}% 1
\BOOKMARK [0][]{chapter*.4}{\376\377\176\352\213\272}{part.1}% 2
\BOOKMARK [0][]{chapter.1}{\376\377\0001\000\040\152\041\147\177\117\177\165\050\213\364\146\016}{part.1}% 3
\BOOKMARK [1][]{section.1.1}{\376\377\0001\000.\0001\000\040\152\041\147\177\173\200\116\313}{chapter.1}% 4
\BOOKMARK [2][]{section*.5}{\376\377\133\232\117\115}{section.1.1}% 5
\BOOKMARK [2][]{lstnumber.-1.8}{\376\377\152\041\147\177\166\204\117\030\123\026\176\306\122\031}{section.1.1}% 6
\BOOKMARK [2][]{lstnumber.-1.8}{\376\377\177\026\213\321\163\257\130\203}{section.1.1}% 7
\BOOKMARK [1][]{section.1.2}{\376\377\0001\000.\0002\000\040\150\071\166\356\137\125\173\241\164\006}{chapter.1}% 8
\BOOKMARK [1][]{section.1.3}{\376\377\0001\000.\0003\000\040\230\234\202\162\131\004\164\006}{chapter.1}% 9
\BOOKMARK [1][]{section.1.4}{\376\377\0001\000.\0004\000\040\213\355\212\000\124\214\133\127\117\123}{chapter.1}% 10
\BOOKMARK [1][]{section.1.5}{\376\377\0001\000.\0005\000\040\143\222\162\110\147\266\147\204}{chapter.1}% 11
\BOOKMARK [2][]{section*.7}{\376\377\230\165\227\142\136\003\134\100}{section.1.5}% 12
\BOOKMARK [2][]{lstnumber.-6.2}{\376\377\134\001\227\142}{section.1.5}% 13
\BOOKMARK [2][]{lstnumber.-7.3}{\376\377\166\356\137\125}{section.1.5}% 14
\BOOKMARK [2][]{lstnumber.-9.4}{\376\377\172\340\202\202\133\211\143\222}{section.1.5}% 15
\BOOKMARK [2][]{lstnumber.-10.62}{\376\377\213\241\145\160\126\150\116\016\137\025\165\050}{section.1.5}% 16
\BOOKMARK [1][]{lstnumber.-10.62}{\376\377\226\104\0001\000\040\145\340\177\026\123\367\172\340\202\202}{chapter.1}% 17
\BOOKMARK [0][]{chapter.2}{\376\377\0002\000\040\152\041\147\177\163\257\130\203\116\313\176\315}{part.1}% 18
\BOOKMARK [1][]{section.2.1}{\376\377\0002\000.\0001\000\040\133\232\164\006\174\173\163\257\130\203}{chapter.2}% 19
\BOOKMARK [2][]{section*.8}{\376\377\133\232\116\111}{section.2.1}% 20
\BOOKMARK [2][]{lstnumber.-11.10}{\376\377\133\232\164\006}{section.2.1}% 21
\BOOKMARK [2][]{lstnumber.-12.15}{\376\377\121\154\164\006}{section.2.1}% 22
\BOOKMARK [2][]{lstnumber.-13.14}{\376\377\121\154\213\276}{section.2.1}% 23
\BOOKMARK [2][]{lstnumber.-14.14}{\376\377\137\025\164\006}{section.2.1}% 24
\BOOKMARK [2][]{lstnumber.-15.5}{\376\377\124\175\230\230}{section.2.1}% 25
\BOOKMARK [2][]{lstnumber.-16.5}{\376\377\143\250\213\272}{section.2.1}% 26
\BOOKMARK [2][]{lstnumber.-17.4}{\376\377\140\047\215\050}{section.2.1}% 27
\BOOKMARK [2][]{lstnumber.-18.5}{\376\377\120\107\213\276}{section.2.1}% 28
\BOOKMARK [2][]{lstnumber.-19.4}{\376\377\117\213}{section.2.1}% 29
\BOOKMARK [2][]{lstnumber.-20.4}{\376\377\213\301\146\016\116\016\211\343}{section.2.1}% 30
\BOOKMARK [1][]{section.2.2}{\376\377\0002\000.\0002\000\040\116\140\230\230\116\016\154\350\221\312\174\173\163\257\130\203}{chapter.2}% 31
\BOOKMARK [2][]{section*.13}{\376\377\116\140\230\230\163\257\130\203}{section.2.2}% 32
\BOOKMARK [1][]{section*.14}{\376\377\116\140\230\230\116\214}{chapter.2}% 33
\BOOKMARK [2][]{lstnumber.-24.15}{\376\377\154\350\221\312\163\257\130\203}{section*.14}% 34
\BOOKMARK [1][]{section.2.3}{\376\377\0002\000.\0003\000\040\121\166\116\326\166\322\133\120}{chapter.2}% 35
\BOOKMARK [0][]{chapter.3}{\376\377\0003\000\040\133\217\123\005\116\313\176\315}{part.1}% 36
\BOOKMARK [1][]{section.3.1}{\376\377\0003\000.\0001\000\040\201\352\133\232\116\111\133\217\123\005}{chapter.3}% 37
\BOOKMARK [1][]{section.3.2}{\376\377\0003\000.\0002\000\040\145\207\150\143\221\115\177\156\133\217\123\005}{chapter.3}% 38
\BOOKMARK [1][]{section.3.3}{\376\377\0003\000.\0003\000\040\116\343\170\001\142\204\137\125\133\217\123\005}{chapter.3}% 39
\BOOKMARK [1][]{section.3.4}{\376\377\0003\000.\0004\000\040\122\027\210\150\133\217\123\005}{chapter.3}% 40
\BOOKMARK [1][]{section.3.5}{\376\377\0003\000.\0005\000\040\126\376\210\150\133\217\123\005}{chapter.3}% 41
\BOOKMARK [2][]{section*.15}{\376\377\126\376\210\150}{section.3.5}% 42
\BOOKMARK [2][]{lstnumber.-35.7}{\376\377\000t\000i\000k\000z\000\040\176\330\126\376}{section.3.5}% 43
\BOOKMARK [1][]{section.3.6}{\376\377\0003\000.\0006\000\040\145\160\133\146\133\217\123\005}{chapter.3}% 44
\BOOKMARK [1][]{section.3.7}{\376\377\0003\000.\0007\000\040\126\376\150\007\133\217\123\005}{chapter.3}% 45
\BOOKMARK [0][]{chapter*.18}{\376\377\116\140\230\230\123\302\200\003\173\124\150\110\116\016\143\320\171\072}{part.1}% 46
\BOOKMARK [0][]{chapter*.19}{\376\377\175\042\137\025}{part.1}% 47
